<?xml version="1.0" encoding="UTF-8"?>
<!-- Generated by org.testng.reporters.JUnitReportReporter -->
<testsuite hostname="Prabhakar_Gudi" failures="0" tests="3" name="com.sgtesting.api.driver.Testcase11" time="0.012" errors="0" timestamp="2025-01-04T07:59:04 IST" skipped="0">
  <testcase classname="com.sgtesting.api.driver.Testcase11" name="method1" time="0.007"/>
  <system-out/>
  <testcase classname="com.sgtesting.api.driver.Testcase11" name="method2" time="0.004"/>
  <system-out/>
  <testcase classname="com.sgtesting.api.driver.Testcase11" name="method3" time="0.001"/>
  <system-out/>
</testsuite> <!-- com.sgtesting.api.driver.Testcase11 -->
