<?xml version="1.0" encoding="UTF-8"?>
<testng-results ignored="0" total="0" passed="0" failed="0" skipped="0">
  <reporter-output>
  </reporter-output>
  <suite started-at="2024-11-27T16:56:37 IST" name="Test Suite" finished-at="2024-11-27T16:56:39 IST" duration-ms="1454">
    <groups>
      <group name="cucumber">
        <method signature="AbstractTestNGCucumberTests.runScenario(io.cucumber.testng.PickleWrapper,io.cucumber.testng.FeatureWrapper)[pri:0, instance:driver.CucumberTestRunner@1bd4fdd]" name="runScenario" class="io.cucumber.testng.AbstractTestNGCucumberTests"/>
      </group> <!-- cucumber -->
    </groups>
    <test started-at="2024-11-27T16:56:37 IST" name="Tests" finished-at="2024-11-27T16:56:39 IST" duration-ms="1454">
      <class name="driver.CucumberTestRunner">
        <test-method is-config="true" signature="loadClasses()[pri:0, instance:driver.CucumberTestRunner@1bd4fdd]" started-at="2024-11-27T16:56:37 IST" name="loadClasses" finished-at="2024-11-27T16:56:37 IST" duration-ms="311" status="PASS">
          <reporter-output>
          </reporter-output>
        </test-method> <!-- loadClasses -->
        <test-method is-config="true" signature="setUpClass(org.testng.ITestContext)[pri:0, instance:driver.CucumberTestRunner@1bd4fdd]" started-at="2024-11-27T16:56:37 IST" name="setUpClass" finished-at="2024-11-27T16:56:39 IST" duration-ms="1325" status="PASS">
          <params>
            <param index="0">
              <value>
                <![CDATA[org.testng.TestRunner@25f9407e]]>
              </value>
            </param>
          </params>
          <reporter-output>
          </reporter-output>
        </test-method> <!-- setUpClass -->
        <test-method is-config="true" signature="tearDownClass()[pri:0, instance:driver.CucumberTestRunner@1bd4fdd]" started-at="2024-11-27T16:56:39 IST" name="tearDownClass" finished-at="2024-11-27T16:56:39 IST" duration-ms="51" status="PASS">
          <reporter-output>
          </reporter-output>
        </test-method> <!-- tearDownClass -->
      </class> <!-- driver.CucumberTestRunner -->
    </test> <!-- Tests -->
  </suite> <!-- Test Suite -->
</testng-results>
