<?xml version="1.0" encoding="UTF-8"?>
<testng-results ignored="0" total="5" passed="5" failed="0" skipped="0">
  <reporter-output>
  </reporter-output>
  <suite started-at="2025-01-17T14:46:33 IST" name="BDD Cucumber" finished-at="2025-01-17T14:46:41 IST" duration-ms="7808">
    <groups>
      <group name="cucumber">
        <method signature="AbstractTestNGCucumberTests.runScenario(io.cucumber.testng.PickleWrapper,io.cucumber.testng.FeatureWrapper)[pri:0, instance:com.sgtesting.api.driver.DriverScript@747ddf94]" name="runScenario" class="io.cucumber.testng.AbstractTestNGCucumberTests"/>
      </group> <!-- cucumber -->
    </groups>
    <test started-at="2025-01-17T14:46:33 IST" name="testcases" finished-at="2025-01-17T14:46:41 IST" duration-ms="7808">
      <class name="com.sgtesting.api.driver.DriverScript">
        <test-method is-config="true" signature="setUpClass(org.testng.ITestContext)[pri:0, instance:com.sgtesting.api.driver.DriverScript@747ddf94]" started-at="2025-01-17T14:46:33 IST" name="setUpClass" finished-at="2025-01-17T14:46:34 IST" duration-ms="1328" status="PASS">
          <params>
            <param index="0">
              <value>
                <![CDATA[org.testng.TestRunner@13192275]]>
              </value>
            </param>
          </params>
          <reporter-output>
          </reporter-output>
        </test-method> <!-- setUpClass -->
        <test-method signature="runScenario(io.cucumber.testng.PickleWrapper,io.cucumber.testng.FeatureWrapper)[pri:0, instance:com.sgtesting.api.driver.DriverScript@747ddf94]" started-at="2025-01-17T14:46:34 IST" name="runScenario" description="Runs Cucumber Scenarios" data-provider="scenarios" finished-at="2025-01-17T14:46:39 IST" duration-ms="4830" status="PASS">
          <params>
            <param index="0">
              <value>
                <![CDATA["Verify Create Employee Restful API Functionality"]]>
              </value>
            </param>
            <param index="1">
              <value>
                <![CDATA["Validate or Verify Create Employee Endpoint Functionality"]]>
              </value>
            </param>
          </params>
          <reporter-output>
          </reporter-output>
        </test-method> <!-- runScenario -->
        <test-method signature="runScenario(io.cucumber.testng.PickleWrapper,io.cucumber.testng.FeatureWrapper)[pri:0, instance:com.sgtesting.api.driver.DriverScript@747ddf94]" started-at="2025-01-17T14:46:39 IST" name="runScenario" description="Runs Cucumber Scenarios" data-provider="scenarios" finished-at="2025-01-17T14:46:39 IST" duration-ms="261" status="PASS">
          <params>
            <param index="0">
              <value>
                <![CDATA["Verify display Employee Restful API Functionality"]]>
              </value>
            </param>
            <param index="1">
              <value>
                <![CDATA["Validate or Verify Create Employee Endpoint Functionality"]]>
              </value>
            </param>
          </params>
          <reporter-output>
          </reporter-output>
        </test-method> <!-- runScenario -->
        <test-method signature="runScenario(io.cucumber.testng.PickleWrapper,io.cucumber.testng.FeatureWrapper)[pri:0, instance:com.sgtesting.api.driver.DriverScript@747ddf94]" started-at="2025-01-17T14:46:39 IST" name="runScenario" description="Runs Cucumber Scenarios" data-provider="scenarios" finished-at="2025-01-17T14:46:40 IST" duration-ms="174" status="PASS">
          <params>
            <param index="0">
              <value>
                <![CDATA["Verify delete Employee Restful API Functionality"]]>
              </value>
            </param>
            <param index="1">
              <value>
                <![CDATA["Validate or Verify Create Employee Endpoint Functionality"]]>
              </value>
            </param>
          </params>
          <reporter-output>
          </reporter-output>
        </test-method> <!-- runScenario -->
        <test-method signature="runScenario(io.cucumber.testng.PickleWrapper,io.cucumber.testng.FeatureWrapper)[pri:0, instance:com.sgtesting.api.driver.DriverScript@747ddf94]" started-at="2025-01-17T14:46:40 IST" name="runScenario" description="Runs Cucumber Scenarios" data-provider="scenarios" finished-at="2025-01-17T14:46:40 IST" duration-ms="414" status="PASS">
          <params>
            <param index="0">
              <value>
                <![CDATA["Verify Create Employee Restful API Functionality"]]>
              </value>
            </param>
            <param index="1">
              <value>
                <![CDATA["Validate or Verify Create Employee with scenario outline Functionality"]]>
              </value>
            </param>
          </params>
          <reporter-output>
          </reporter-output>
        </test-method> <!-- runScenario -->
        <test-method signature="runScenario(io.cucumber.testng.PickleWrapper,io.cucumber.testng.FeatureWrapper)[pri:0, instance:com.sgtesting.api.driver.DriverScript@747ddf94]" started-at="2025-01-17T14:46:40 IST" name="runScenario" description="Runs Cucumber Scenarios" data-provider="scenarios" finished-at="2025-01-17T14:46:41 IST" duration-ms="582" status="PASS">
          <params>
            <param index="0">
              <value>
                <![CDATA["Verify Create Employee Restful API Functionality"]]>
              </value>
            </param>
            <param index="1">
              <value>
                <![CDATA["Validate or Verify Create Employee with scenario outline Functionality"]]>
              </value>
            </param>
          </params>
          <reporter-output>
          </reporter-output>
        </test-method> <!-- runScenario -->
        <test-method is-config="true" signature="tearDownClass()[pri:0, instance:com.sgtesting.api.driver.DriverScript@747ddf94]" started-at="2025-01-17T14:46:41 IST" name="tearDownClass" finished-at="2025-01-17T14:46:41 IST" duration-ms="115" status="PASS">
          <reporter-output>
          </reporter-output>
        </test-method> <!-- tearDownClass -->
      </class> <!-- com.sgtesting.api.driver.DriverScript -->
    </test> <!-- testcases -->
  </suite> <!-- BDD Cucumber -->
</testng-results>
