<?xml version="1.0" encoding="UTF-8"?>
<testsuite xmlns:xsi="http://www.w3.org/2001/XMLSchema-instance" xsi:noNamespaceSchemaLocation="https://maven.apache.org/surefire/maven-surefire-plugin/xsd/surefire-test-report.xsd" version="3.0.2" name="TestSuite" time="8.923" tests="5" errors="0" skipped="0" failures="0">
  <properties>
[...]
</properties>
  <testcase name="runScenario[&quot;Verify Create Employee Restful API Functionality&quot;, &quot;Validate or Verify Create Employee Endpoint Functionality&quot;](1)" classname="com.sgtesting.api.driver.DriverScript" time="4.835">
    <system-out><![CDATA[
@Execute
Scenario: Verify Create Employee Restful API Functionality    &amp#27;[90m# src/test/resources/FeatureFiles/create_employee.feature:14&amp#27;[0m
I load all environment variables !!!!!
  &amp#27;[32mGiven &amp#27;[0m&amp#27;[32mI load all environment variables&amp#27;[0m                      &amp#27;[90m# com.sgtesting.api.stepdefinitions.StepDefinitions.I_load_all_environment_variables()&amp#27;[0m
I setup the Database connection !!!!!
  &amp#27;[32mAnd &amp#27;[0m&amp#27;[32mI setup the Database connection&amp#27;[0m                         &amp#27;[90m# com.sgtesting.api.stepdefinitions.StepDefinitions.I_setup_the_Database_connection()&amp#27;[0m
  &amp#27;[32mGiven &amp#27;[0m&amp#27;[32mI provide baseURL for Create Employee&amp#27;[0m                 &amp#27;[90m# com.sgtesting.api.stepdefinitions.StepDefinitions.I_provide_baseURL_for_Create_Employee()&amp#27;[0m
  &amp#27;[32mAnd &amp#27;[0m&amp#27;[32mI create Request Specification object&amp#27;[0m                   &amp#27;[90m# com.sgtesting.api.stepdefinitions.StepDefinitions.I_create_Request_Specification_object()&amp#27;[0m
  &amp#27;[32mAnd &amp#27;[0m&amp#27;[32mI provide request body for the Create Employee EndPoint&amp#27;[0m &amp#27;[90m# com.sgtesting.api.stepdefinitions.StepDefinitions.I_provide_request_body_for_the_Create_Employee_EndPoint()&amp#27;[0m
  &amp#27;[32mAnd &amp#27;[0m&amp#27;[32mI provide Header and Body for the Request&amp#27;[0m               &amp#27;[90m# com.sgtesting.api.stepdefinitions.StepDefinitions.I_provide_Header_and_Body_for_the_Request()&amp#27;[0m
  &amp#27;[32mWhen &amp#27;[0m&amp#27;[32mI execute the POST Method&amp#27;[0m                              &amp#27;[90m# com.sgtesting.api.stepdefinitions.StepDefinitions.I_execute_the_POST_Method()&amp#27;[0m
{
    "id": 1955,
    "employeeFirstName": "Demo",
    "employeeLastName": "User1",
    "jobName": "Sales VP",
    "emailId": "demo@gss.com",
    "age": 33,
    "contactNumber": 8090701023,
    "salary": 15000.0,
    "departmentName": "FOOD Processing",
    "cityName": "Mysore",
    "address": "Near to Place Road",
    "createdAt": "2025-01-17T09:16:38.000+00:00",
    "updatedAt": "2025-01-17T09:16:38.000+00:00"
}
{
    "id": 1955,
    "employeeFirstName": "Demo",
    "employeeLastName": "User1",
    "jobName": "Sales VP",
    "emailId": "demo@gss.com",
    "age": 33,
    "contactNumber": 8090701023,
    "salary": 15000.0,
    "departmentName": "FOOD Processing",
    "cityName": "Mysore",
    "address": "Near to Place Road",
    "createdAt": "2025-01-17T09:16:38.000+00:00",
    "updatedAt": "2025-01-17T09:16:38.000+00:00"
}
  &amp#27;[32mThen &amp#27;[0m&amp#27;[32mI print the Response object&amp#27;[0m                            &amp#27;[90m# com.sgtesting.api.stepdefinitions.StepDefinitions.I_print_the_Response_object()&amp#27;[0m
  &amp#27;[32mAnd &amp#27;[0m&amp#27;[32mI get the 201 status code&amp#27;[0m                               &amp#27;[90m# com.sgtesting.api.stepdefinitions.StepDefinitions.I_get_the_201_status_code()&amp#27;[0m
Employee Id :1955
  &amp#27;[32mAnd &amp#27;[0m&amp#27;[32mI validate Response object&amp#27;[0m                              &amp#27;[90m# com.sgtesting.api.stepdefinitions.StepDefinitions.I_validate_Response_object()&amp#27;[0m
]]></system-out>
    <system-err><![CDATA[SLF4J: Failed to load class "org.slf4j.impl.StaticLoggerBinder".
SLF4J: Defaulting to no-operation (NOP) logger implementation
SLF4J: See http://www.slf4j.org/codes.html#StaticLoggerBinder for further details.
]]></system-err>
  </testcase>
  <testcase name="runScenario[&quot;Verify display Employee Restful API Functionality&quot;, &quot;Validate or Verify Create Employee Endpoint Functionality&quot;](2)" classname="com.sgtesting.api.driver.DriverScript" time="0.223">
    <system-out><![CDATA[
@Execute
Scenario: Verify display Employee Restful API Functionality &amp#27;[90m# src/test/resources/FeatureFiles/create_employee.feature:25&amp#27;[0m
I load all environment variables !!!!!
  &amp#27;[32mGiven &amp#27;[0m&amp#27;[32mI load all environment variables&amp#27;[0m                    &amp#27;[90m# com.sgtesting.api.stepdefinitions.StepDefinitions.I_load_all_environment_variables()&amp#27;[0m
I setup the Database connection !!!!!
  &amp#27;[32mAnd &amp#27;[0m&amp#27;[32mI setup the Database connection&amp#27;[0m                       &amp#27;[90m# com.sgtesting.api.stepdefinitions.StepDefinitions.I_setup_the_Database_connection()&amp#27;[0m
  &amp#27;[32mGiven &amp#27;[0m&amp#27;[32mI provide baseURL for display Employee&amp#27;[0m              &amp#27;[90m# com.sgtesting.api.stepdefinitions.StepDefinitions.I_provide_baseURL_for_display_Employee()&amp#27;[0m
  &amp#27;[32mAnd &amp#27;[0m&amp#27;[32mI create Request Specification object&amp#27;[0m                 &amp#27;[90m# com.sgtesting.api.stepdefinitions.StepDefinitions.I_create_Request_Specification_object()&amp#27;[0m
  &amp#27;[32mAnd &amp#27;[0m&amp#27;[32mI provide Header for the Request&amp#27;[0m                      &amp#27;[90m# com.sgtesting.api.stepdefinitions.StepDefinitions.I_provide_Header_for_the_Request()&amp#27;[0m
  &amp#27;[32mWhen &amp#27;[0m&amp#27;[32mI execute the GET Method&amp#27;[0m                             &amp#27;[90m# com.sgtesting.api.stepdefinitions.StepDefinitions.I_execute_the_GET_Method()&amp#27;[0m
{
    "id": 1955,
    "employeeFirstName": "Demo",
    "employeeLastName": "User1",
    "jobName": "Sales VP",
    "emailId": "demo@gss.com",
    "age": 33,
    "contactNumber": 8090701023,
    "salary": 15000.0,
    "departmentName": "FOOD Processing",
    "cityName": "Mysore",
    "address": "Near to Place Road",
    "createdAt": "2025-01-17T09:16:38.000+00:00",
    "updatedAt": "2025-01-17T09:16:38.000+00:00"
}
{
    "id": 1955,
    "employeeFirstName": "Demo",
    "employeeLastName": "User1",
    "jobName": "Sales VP",
    "emailId": "demo@gss.com",
    "age": 33,
    "contactNumber": 8090701023,
    "salary": 15000.0,
    "departmentName": "FOOD Processing",
    "cityName": "Mysore",
    "address": "Near to Place Road",
    "createdAt": "2025-01-17T09:16:38.000+00:00",
    "updatedAt": "2025-01-17T09:16:38.000+00:00"
}
  &amp#27;[32mThen &amp#27;[0m&amp#27;[32mI print the Response object&amp#27;[0m                          &amp#27;[90m# com.sgtesting.api.stepdefinitions.StepDefinitions.I_print_the_Response_object()&amp#27;[0m
  &amp#27;[32mAnd &amp#27;[0m&amp#27;[32mI get the 200 status code&amp#27;[0m                             &amp#27;[90m# com.sgtesting.api.stepdefinitions.StepDefinitions.I_get_the_200_status_code()&amp#27;[0m
Employee Id :1955
  &amp#27;[32mAnd &amp#27;[0m&amp#27;[32mI validate Response object of GET API&amp#27;[0m                 &amp#27;[90m# com.sgtesting.api.stepdefinitions.StepDefinitions.I_validate_Response_object_of_GET_API()&amp#27;[0m
]]></system-out>
  </testcase>
  <testcase name="runScenario[&quot;Verify delete Employee Restful API Functionality&quot;, &quot;Validate or Verify Create Employee Endpoint Functionality&quot;](3)" classname="com.sgtesting.api.driver.DriverScript" time="0.201">
    <system-out><![CDATA[
@Execute
Scenario: Verify delete Employee Restful API Functionality &amp#27;[90m# src/test/resources/FeatureFiles/create_employee.feature:34&amp#27;[0m
I load all environment variables !!!!!
  &amp#27;[32mGiven &amp#27;[0m&amp#27;[32mI load all environment variables&amp#27;[0m                   &amp#27;[90m# com.sgtesting.api.stepdefinitions.StepDefinitions.I_load_all_environment_variables()&amp#27;[0m
I setup the Database connection !!!!!
  &amp#27;[32mAnd &amp#27;[0m&amp#27;[32mI setup the Database connection&amp#27;[0m                      &amp#27;[90m# com.sgtesting.api.stepdefinitions.StepDefinitions.I_setup_the_Database_connection()&amp#27;[0m
  &amp#27;[32mGiven &amp#27;[0m&amp#27;[32mI provide baseURL for delete Employee&amp#27;[0m              &amp#27;[90m# com.sgtesting.api.stepdefinitions.StepDefinitions.I_provide_baseURL_for_delete_Employee()&amp#27;[0m
  &amp#27;[32mAnd &amp#27;[0m&amp#27;[32mI create Request Specification object&amp#27;[0m                &amp#27;[90m# com.sgtesting.api.stepdefinitions.StepDefinitions.I_create_Request_Specification_object()&amp#27;[0m
  &amp#27;[32mAnd &amp#27;[0m&amp#27;[32mI provide Header for the Request&amp#27;[0m                     &amp#27;[90m# com.sgtesting.api.stepdefinitions.StepDefinitions.I_provide_Header_for_the_Request()&amp#27;[0m
  &amp#27;[32mWhen &amp#27;[0m&amp#27;[32mI execute the DELETE Method&amp#27;[0m                         &amp#27;[90m# com.sgtesting.api.stepdefinitions.StepDefinitions.I_execute_the_DELETE_Method()&amp#27;[0m
the employee id 1955 has deleted successfully
the employee id 1955 has deleted successfully
  &amp#27;[32mThen &amp#27;[0m&amp#27;[32mI print the Response object&amp#27;[0m                         &amp#27;[90m# com.sgtesting.api.stepdefinitions.StepDefinitions.I_print_the_Response_object()&amp#27;[0m
  &amp#27;[32mAnd &amp#27;[0m&amp#27;[32mI get the 200 status code&amp#27;[0m                            &amp#27;[90m# com.sgtesting.api.stepdefinitions.StepDefinitions.I_get_the_200_status_code()&amp#27;[0m
  &amp#27;[32mAnd &amp#27;[0m&amp#27;[32mI validate Response object of DELETE API&amp#27;[0m             &amp#27;[90m# com.sgtesting.api.stepdefinitions.StepDefinitions.I_validate_Response_object_of_DELETE_API()&amp#27;[0m
]]></system-out>
  </testcase>
  <testcase name="runScenario[&quot;Verify Create Employee Restful API Functionality&quot;, &quot;Validate or Verify Create Employee with scenario outline Functionality&quot;](4)" classname="com.sgtesting.api.driver.DriverScript" time="0.423">
    <system-out><![CDATA[
@Execute
Scenario Outline: Verify Create Employee Restful API Functionality                              &amp#27;[90m# src/test/resources/FeatureFiles/create_employee_scenariooutline.feature:36&amp#27;[0m
  &amp#27;[32mGiven &amp#27;[0m&amp#27;[32mI provide baseURL &amp#27;[0m&amp#27;[32m&amp#27;[1mhttp://localhost:9090/sgtesting/api/v1/employees&amp#27;[0m&amp#27;[32m for Create Employee&amp#27;[0m  &amp#27;[90m# com.sgtesting.api.stepdefinitions.StepDefinitions.I_provide_URL_for_Create_Employee(java.lang.String)&amp#27;[0m
  &amp#27;[32mAnd &amp#27;[0m&amp#27;[32mI create Request Specification object&amp#27;[0m                                                     &amp#27;[90m# com.sgtesting.api.stepdefinitions.StepDefinitions.I_create_Request_Specification_object()&amp#27;[0m
  &amp#27;[32mAnd &amp#27;[0m&amp#27;[32mI provide request body for the Create Employee EndPoint&amp#27;[0m                                   &amp#27;[90m# com.sgtesting.api.stepdefinitions.StepDefinitions.I_provide_request_body_for_the_Create_Employee_EndPoint()&amp#27;[0m
  &amp#27;[32mAnd &amp#27;[0m&amp#27;[32mI provide Header and Body for the Request&amp#27;[0m                                                 &amp#27;[90m# com.sgtesting.api.stepdefinitions.StepDefinitions.I_provide_Header_and_Body_for_the_Request()&amp#27;[0m
  &amp#27;[32mWhen &amp#27;[0m&amp#27;[32mI execute the POST Method&amp#27;[0m                                                                &amp#27;[90m# com.sgtesting.api.stepdefinitions.StepDefinitions.I_execute_the_POST_Method()&amp#27;[0m
{
    "id": 1956,
    "employeeFirstName": "Demo",
    "employeeLastName": "User1",
    "jobName": "Sales VP",
    "emailId": "demo@gss.com",
    "age": 33,
    "contactNumber": 8090701023,
    "salary": 15000.0,
    "departmentName": "FOOD Processing",
    "cityName": "Mysore",
    "address": "Near to Place Road",
    "createdAt": "2025-01-17T09:16:40.111+00:00",
    "updatedAt": "2025-01-17T09:16:40.112+00:00"
}
{
    "id": 1956,
    "employeeFirstName": "Demo",
    "employeeLastName": "User1",
    "jobName": "Sales VP",
    "emailId": "demo@gss.com",
    "age": 33,
    "contactNumber": 8090701023,
    "salary": 15000.0,
    "departmentName": "FOOD Processing",
    "cityName": "Mysore",
    "address": "Near to Place Road",
    "createdAt": "2025-01-17T09:16:40.111+00:00",
    "updatedAt": "2025-01-17T09:16:40.112+00:00"
}
  &amp#27;[32mThen &amp#27;[0m&amp#27;[32mI print the Response object&amp#27;[0m                                                              &amp#27;[90m# com.sgtesting.api.stepdefinitions.StepDefinitions.I_print_the_Response_object()&amp#27;[0m
  &amp#27;[32mAnd &amp#27;[0m&amp#27;[32mI get the 201 status code&amp#27;[0m                                                                 &amp#27;[90m# com.sgtesting.api.stepdefinitions.StepDefinitions.I_get_the_201_status_code()&amp#27;[0m
Employee Id :1956
  &amp#27;[32mAnd &amp#27;[0m&amp#27;[32mI validate Response object&amp#27;[0m                                                                &amp#27;[90m# com.sgtesting.api.stepdefinitions.StepDefinitions.I_validate_Response_object()&amp#27;[0m
  &amp#27;[32mGiven &amp#27;[0m&amp#27;[32mI provide baseURL &amp#27;[0m&amp#27;[32m&amp#27;[1mhttp://localhost:9090/sgtesting/api/v1/employees&amp#27;[0m&amp#27;[32m for display Employee&amp#27;[0m &amp#27;[90m# com.sgtesting.api.stepdefinitions.StepDefinitions.I_provide_URL_for_display_Employee(java.lang.String)&amp#27;[0m
  &amp#27;[32mAnd &amp#27;[0m&amp#27;[32mI create Request Specification object&amp#27;[0m                                                     &amp#27;[90m# com.sgtesting.api.stepdefinitions.StepDefinitions.I_create_Request_Specification_object()&amp#27;[0m
  &amp#27;[32mAnd &amp#27;[0m&amp#27;[32mI provide Header for the Request&amp#27;[0m                                                          &amp#27;[90m# com.sgtesting.api.stepdefinitions.StepDefinitions.I_provide_Header_for_the_Request()&amp#27;[0m
  &amp#27;[32mWhen &amp#27;[0m&amp#27;[32mI execute the GET Method&amp#27;[0m                                                                 &amp#27;[90m# com.sgtesting.api.stepdefinitions.StepDefinitions.I_execute_the_GET_Method()&amp#27;[0m
{
    "id": 1956,
    "employeeFirstName": "Demo",
    "employeeLastName": "User1",
    "jobName": "Sales VP",
    "emailId": "demo@gss.com",
    "age": 33,
    "contactNumber": 8090701023,
    "salary": 15000.0,
    "departmentName": "FOOD Processing",
    "cityName": "Mysore",
    "address": "Near to Place Road",
    "createdAt": "2025-01-17T09:16:40.111+00:00",
    "updatedAt": "2025-01-17T09:16:40.112+00:00"
}
{
    "id": 1956,
    "employeeFirstName": "Demo",
    "employeeLastName": "User1",
    "jobName": "Sales VP",
    "emailId": "demo@gss.com",
    "age": 33,
    "contactNumber": 8090701023,
    "salary": 15000.0,
    "departmentName": "FOOD Processing",
    "cityName": "Mysore",
    "address": "Near to Place Road",
    "createdAt": "2025-01-17T09:16:40.111+00:00",
    "updatedAt": "2025-01-17T09:16:40.112+00:00"
}
  &amp#27;[32mThen &amp#27;[0m&amp#27;[32mI print the Response object&amp#27;[0m                                                              &amp#27;[90m# com.sgtesting.api.stepdefinitions.StepDefinitions.I_print_the_Response_object()&amp#27;[0m
  &amp#27;[32mAnd &amp#27;[0m&amp#27;[32mI get the 200 status code&amp#27;[0m                                                                 &amp#27;[90m# com.sgtesting.api.stepdefinitions.StepDefinitions.I_get_the_200_status_code()&amp#27;[0m
Employee Id :1956
  &amp#27;[32mAnd &amp#27;[0m&amp#27;[32mI validate Response object of GET API&amp#27;[0m                                                     &amp#27;[90m# com.sgtesting.api.stepdefinitions.StepDefinitions.I_validate_Response_object_of_GET_API()&amp#27;[0m
  &amp#27;[32mGiven &amp#27;[0m&amp#27;[32mI provide baseURL &amp#27;[0m&amp#27;[32m&amp#27;[1mhttp://localhost:9090/sgtesting/api/v1/employees&amp#27;[0m&amp#27;[32m for delete Employee&amp#27;[0m  &amp#27;[90m# com.sgtesting.api.stepdefinitions.StepDefinitions.I_provide_URL_for_delete_Employee(java.lang.String)&amp#27;[0m
  &amp#27;[32mAnd &amp#27;[0m&amp#27;[32mI create Request Specification object&amp#27;[0m                                                     &amp#27;[90m# com.sgtesting.api.stepdefinitions.StepDefinitions.I_create_Request_Specification_object()&amp#27;[0m
  &amp#27;[32mAnd &amp#27;[0m&amp#27;[32mI provide Header for the Request&amp#27;[0m                                                          &amp#27;[90m# com.sgtesting.api.stepdefinitions.StepDefinitions.I_provide_Header_for_the_Request()&amp#27;[0m
  &amp#27;[32mWhen &amp#27;[0m&amp#27;[32mI execute the DELETE Method&amp#27;[0m                                                              &amp#27;[90m# com.sgtesting.api.stepdefinitions.StepDefinitions.I_execute_the_DELETE_Method()&amp#27;[0m
the employee id 1956 has deleted successfully
the employee id 1956 has deleted successfully
  &amp#27;[32mThen &amp#27;[0m&amp#27;[32mI print the Response object&amp#27;[0m                                                              &amp#27;[90m# com.sgtesting.api.stepdefinitions.StepDefinitions.I_print_the_Response_object()&amp#27;[0m
  &amp#27;[32mAnd &amp#27;[0m&amp#27;[32mI get the 200 status code&amp#27;[0m                                                                 &amp#27;[90m# com.sgtesting.api.stepdefinitions.StepDefinitions.I_get_the_200_status_code()&amp#27;[0m
  &amp#27;[32mAnd &amp#27;[0m&amp#27;[32mI validate Response object of DELETE API&amp#27;[0m                                                  &amp#27;[90m# com.sgtesting.api.stepdefinitions.StepDefinitions.I_validate_Response_object_of_DELETE_API()&amp#27;[0m
]]></system-out>
  </testcase>
  <testcase name="runScenario[&quot;Verify Create Employee Restful API Functionality&quot;, &quot;Validate or Verify Create Employee with scenario outline Functionality&quot;](5)" classname="com.sgtesting.api.driver.DriverScript" time="0.575">
    <system-out><![CDATA[
@Execute
Scenario Outline: Verify Create Employee Restful API Functionality                              &amp#27;[90m# src/test/resources/FeatureFiles/create_employee_scenariooutline.feature:37&amp#27;[0m
  &amp#27;[32mGiven &amp#27;[0m&amp#27;[32mI provide baseURL &amp#27;[0m&amp#27;[32m&amp#27;[1mhttp://localhost:9090/sgtesting/api/v1/employees&amp#27;[0m&amp#27;[32m for Create Employee&amp#27;[0m  &amp#27;[90m# com.sgtesting.api.stepdefinitions.StepDefinitions.I_provide_URL_for_Create_Employee(java.lang.String)&amp#27;[0m
  &amp#27;[32mAnd &amp#27;[0m&amp#27;[32mI create Request Specification object&amp#27;[0m                                                     &amp#27;[90m# com.sgtesting.api.stepdefinitions.StepDefinitions.I_create_Request_Specification_object()&amp#27;[0m
  &amp#27;[32mAnd &amp#27;[0m&amp#27;[32mI provide request body for the Create Employee EndPoint&amp#27;[0m                                   &amp#27;[90m# com.sgtesting.api.stepdefinitions.StepDefinitions.I_provide_request_body_for_the_Create_Employee_EndPoint()&amp#27;[0m
  &amp#27;[32mAnd &amp#27;[0m&amp#27;[32mI provide Header and Body for the Request&amp#27;[0m                                                 &amp#27;[90m# com.sgtesting.api.stepdefinitions.StepDefinitions.I_provide_Header_and_Body_for_the_Request()&amp#27;[0m
  &amp#27;[32mWhen &amp#27;[0m&amp#27;[32mI execute the POST Method&amp#27;[0m                                                                &amp#27;[90m# com.sgtesting.api.stepdefinitions.StepDefinitions.I_execute_the_POST_Method()&amp#27;[0m
{
    "id": 1957,
    "employeeFirstName": "Demo",
    "employeeLastName": "User1",
    "jobName": "Sales VP",
    "emailId": "demo@gss.com",
    "age": 33,
    "contactNumber": 8090701023,
    "salary": 15000.0,
    "departmentName": "FOOD Processing",
    "cityName": "Mysore",
    "address": "Near to Place Road",
    "createdAt": "2025-01-17T09:16:40.566+00:00",
    "updatedAt": "2025-01-17T09:16:40.566+00:00"
}
{
    "id": 1957,
    "employeeFirstName": "Demo",
    "employeeLastName": "User1",
    "jobName": "Sales VP",
    "emailId": "demo@gss.com",
    "age": 33,
    "contactNumber": 8090701023,
    "salary": 15000.0,
    "departmentName": "FOOD Processing",
    "cityName": "Mysore",
    "address": "Near to Place Road",
    "createdAt": "2025-01-17T09:16:40.566+00:00",
    "updatedAt": "2025-01-17T09:16:40.566+00:00"
}
  &amp#27;[32mThen &amp#27;[0m&amp#27;[32mI print the Response object&amp#27;[0m                                                              &amp#27;[90m# com.sgtesting.api.stepdefinitions.StepDefinitions.I_print_the_Response_object()&amp#27;[0m
  &amp#27;[32mAnd &amp#27;[0m&amp#27;[32mI get the 201 status code&amp#27;[0m                                                                 &amp#27;[90m# com.sgtesting.api.stepdefinitions.StepDefinitions.I_get_the_201_status_code()&amp#27;[0m
Employee Id :1957
  &amp#27;[32mAnd &amp#27;[0m&amp#27;[32mI validate Response object&amp#27;[0m                                                                &amp#27;[90m# com.sgtesting.api.stepdefinitions.StepDefinitions.I_validate_Response_object()&amp#27;[0m
  &amp#27;[32mGiven &amp#27;[0m&amp#27;[32mI provide baseURL &amp#27;[0m&amp#27;[32m&amp#27;[1mhttp://localhost:9090/sgtesting/api/v1/employees&amp#27;[0m&amp#27;[32m for display Employee&amp#27;[0m &amp#27;[90m# com.sgtesting.api.stepdefinitions.StepDefinitions.I_provide_URL_for_display_Employee(java.lang.String)&amp#27;[0m
  &amp#27;[32mAnd &amp#27;[0m&amp#27;[32mI create Request Specification object&amp#27;[0m                                                     &amp#27;[90m# com.sgtesting.api.stepdefinitions.StepDefinitions.I_create_Request_Specification_object()&amp#27;[0m
  &amp#27;[32mAnd &amp#27;[0m&amp#27;[32mI provide Header for the Request&amp#27;[0m                                                          &amp#27;[90m# com.sgtesting.api.stepdefinitions.StepDefinitions.I_provide_Header_for_the_Request()&amp#27;[0m
  &amp#27;[32mWhen &amp#27;[0m&amp#27;[32mI execute the GET Method&amp#27;[0m                                                                 &amp#27;[90m# com.sgtesting.api.stepdefinitions.StepDefinitions.I_execute_the_GET_Method()&amp#27;[0m
{
    "id": 1957,
    "employeeFirstName": "Demo",
    "employeeLastName": "User1",
    "jobName": "Sales VP",
    "emailId": "demo@gss.com",
    "age": 33,
    "contactNumber": 8090701023,
    "salary": 15000.0,
    "departmentName": "FOOD Processing",
    "cityName": "Mysore",
    "address": "Near to Place Road",
    "createdAt": "2025-01-17T09:16:40.566+00:00",
    "updatedAt": "2025-01-17T09:16:40.566+00:00"
}
{
    "id": 1957,
    "employeeFirstName": "Demo",
    "employeeLastName": "User1",
    "jobName": "Sales VP",
    "emailId": "demo@gss.com",
    "age": 33,
    "contactNumber": 8090701023,
    "salary": 15000.0,
    "departmentName": "FOOD Processing",
    "cityName": "Mysore",
    "address": "Near to Place Road",
    "createdAt": "2025-01-17T09:16:40.566+00:00",
    "updatedAt": "2025-01-17T09:16:40.566+00:00"
}
  &amp#27;[32mThen &amp#27;[0m&amp#27;[32mI print the Response object&amp#27;[0m                                                              &amp#27;[90m# com.sgtesting.api.stepdefinitions.StepDefinitions.I_print_the_Response_object()&amp#27;[0m
  &amp#27;[32mAnd &amp#27;[0m&amp#27;[32mI get the 200 status code&amp#27;[0m                                                                 &amp#27;[90m# com.sgtesting.api.stepdefinitions.StepDefinitions.I_get_the_200_status_code()&amp#27;[0m
Employee Id :1957
  &amp#27;[32mAnd &amp#27;[0m&amp#27;[32mI validate Response object of GET API&amp#27;[0m                                                     &amp#27;[90m# com.sgtesting.api.stepdefinitions.StepDefinitions.I_validate_Response_object_of_GET_API()&amp#27;[0m
  &amp#27;[32mGiven &amp#27;[0m&amp#27;[32mI provide baseURL &amp#27;[0m&amp#27;[32m&amp#27;[1mhttp://localhost:9090/sgtesting/api/v1/employees&amp#27;[0m&amp#27;[32m for delete Employee&amp#27;[0m  &amp#27;[90m# com.sgtesting.api.stepdefinitions.StepDefinitions.I_provide_URL_for_delete_Employee(java.lang.String)&amp#27;[0m
  &amp#27;[32mAnd &amp#27;[0m&amp#27;[32mI create Request Specification object&amp#27;[0m                                                     &amp#27;[90m# com.sgtesting.api.stepdefinitions.StepDefinitions.I_create_Request_Specification_object()&amp#27;[0m
  &amp#27;[32mAnd &amp#27;[0m&amp#27;[32mI provide Header for the Request&amp#27;[0m                                                          &amp#27;[90m# com.sgtesting.api.stepdefinitions.StepDefinitions.I_provide_Header_for_the_Request()&amp#27;[0m
  &amp#27;[32mWhen &amp#27;[0m&amp#27;[32mI execute the DELETE Method&amp#27;[0m                                                              &amp#27;[90m# com.sgtesting.api.stepdefinitions.StepDefinitions.I_execute_the_DELETE_Method()&amp#27;[0m
the employee id 1957 has deleted successfully
the employee id 1957 has deleted successfully
  &amp#27;[32mThen &amp#27;[0m&amp#27;[32mI print the Response object&amp#27;[0m                                                              &amp#27;[90m# com.sgtesting.api.stepdefinitions.StepDefinitions.I_print_the_Response_object()&amp#27;[0m
  &amp#27;[32mAnd &amp#27;[0m&amp#27;[32mI get the 200 status code&amp#27;[0m                                                                 &amp#27;[90m# com.sgtesting.api.stepdefinitions.StepDefinitions.I_get_the_200_status_code()&amp#27;[0m
  &amp#27;[32mAnd &amp#27;[0m&amp#27;[32mI validate Response object of DELETE API&amp#27;[0m                                                  &amp#27;[90m# com.sgtesting.api.stepdefinitions.StepDefinitions.I_validate_Response_object_of_DELETE_API()&amp#27;[0m
]]></system-out>
  </testcase>
</testsuite>