<?xml version="1.0" encoding="UTF-8"?>
<!-- Generated by org.testng.reporters.JUnitXMLReporter -->
<testsuite ignored="0" hostname="Prabhakar_Gudi" failures="0" tests="3" name="testcases" time="0.08" errors="0" timestamp="2025-01-04T07:59:04 IST">
  <testcase classname="com.sgtesting.api.driver.Testcase11" name="method1" time="0.007"/>
  <testcase classname="com.sgtesting.api.driver.Testcase11" name="method2" time="0.004"/>
  <testcase classname="com.sgtesting.api.driver.Testcase11" name="method3" time="0.001"/>
</testsuite> <!-- testcases -->
