<?xml version="1.0" encoding="UTF-8"?>
<!-- Generated by org.testng.reporters.JUnitXMLReporter -->
<testsuite ignored="0" hostname="Prabhakar_Gudi" failures="0" tests="3" name="Default test" time="3.093" errors="0" timestamp="2024-12-25T08:20:21 IST">
  <testcase classname="com.sgtesting.api.pojo.ScenarioCreateEmployee" name="createEmployee" time="2.501"/>
  <testcase classname="com.sgtesting.api.pojo.ScenarioCreateEmployee" name="displayEmployeeTest" time="0.408"/>
  <testcase classname="com.sgtesting.api.pojo.ScenarioCreateEmployee" name="deleteEmployeeTest" time="0.111"/>
</testsuite> <!-- Default test -->
