<?xml version="1.0" encoding="UTF-8"?>
<!-- Generated by org.testng.reporters.JUnitXMLReporter -->
<testsuite ignored="0" hostname="Prabhakar_Gudi" failures="1" tests="1" name="Default test" time="2.126" errors="0" timestamp="2025-01-03T08:16:22 IST">
  <testcase classname="io.cucumber.testng.AbstractTestNGCucumberTests" name="runScenario" time="1.856">
    <failure type="java.lang.AssertionError" message="expected [400] but found [201]">
      <![CDATA[java.lang.AssertionError: expected [400] but found [201]
at org.testng.Assert.fail(Assert.java:111)
at org.testng.Assert.failNotEquals(Assert.java:1578)
at org.testng.Assert.assertEqualsImpl(Assert.java:150)
at org.testng.Assert.assertEquals(Assert.java:132)
at org.testng.Assert.assertEquals(Assert.java:1419)
at org.testng.Assert.assertEquals(Assert.java:1383)
at org.testng.Assert.assertEquals(Assert.java:1429)
at com.sgtesting.api.stepdefinitions.StepDefinitions.I_get_the_201_status_code(StepDefinitions.java:122)
at ✽.I get the 201 status code(file:///C:/APIWorkSpace/Automation/BDD_API_Automation/src/test/resources/FeatureFiles/create_employee.feature:16)
]]>
    </failure>
  </testcase> <!-- runScenario -->
</testsuite> <!-- Default test -->
