<?xml version="1.0" encoding="UTF-8"?>
<!-- Generated by org.testng.reporters.JUnitXMLReporter -->
<testsuite ignored="0" hostname="Prabhakar_Gudi" failures="0" tests="3" name="Testcases" time="0.071" errors="0" timestamp="2024-12-22T08:34:06 IST">
  <testcase classname="com.sgtesting.api.Testcases" name="testcase1" time="0.01"/>
  <testcase classname="com.sgtesting.api.Testcases" name="testcase2" time="0.001"/>
  <testcase classname="com.sgtesting.api.Testcases" name="testcase3" time="0.001"/>
</testsuite> <!-- Testcases -->
