<?xml version="1.0" encoding="UTF-8"?>
<!-- Generated by org.testng.reporters.JUnitReportReporter -->
<testsuite hostname="DESKTOP-B78RVSL" failures="0" tests="5" name="com.sgtesting.api.driver.DriverScript" time="6.261" errors="0" timestamp="2025-01-17T14:46:41 IST" skipped="0">
  <testcase classname="com.sgtesting.api.driver.DriverScript" name="runScenario" time="0.414"/>
  <testcase classname="com.sgtesting.api.driver.DriverScript" name="runScenario" time="0.582"/>
  <testcase classname="com.sgtesting.api.driver.DriverScript" name="runScenario" time="4.830"/>
  <testcase classname="com.sgtesting.api.driver.DriverScript" name="runScenario" time="0.174"/>
  <testcase classname="com.sgtesting.api.driver.DriverScript" name="runScenario" time="0.261"/>
</testsuite> <!-- com.sgtesting.api.driver.DriverScript -->
