<?xml version="1.0" encoding="UTF-8"?>
<testng-results ignored="0" total="1" passed="1" failed="0" skipped="0">
  <reporter-output>
  </reporter-output>
  <suite started-at="2024-11-26T15:57:19 IST" name="Default Suite" finished-at="2024-11-26T15:57:35 IST" duration-ms="16136">
    <groups>
      <group name="cucumber">
        <method signature="AbstractTestNGCucumberTests.runScenario(io.cucumber.testng.PickleWrapper,io.cucumber.testng.FeatureWrapper)[pri:0, instance:driver.CucumberTestRunner@1ea9f6af]" name="runScenario" class="io.cucumber.testng.AbstractTestNGCucumberTests"/>
      </group> <!-- cucumber -->
    </groups>
    <test started-at="2024-11-26T15:57:19 IST" name="SG_Mvn_Project" finished-at="2024-11-26T15:57:35 IST" duration-ms="16136">
      <class name="driver.CucumberTestRunner">
        <test-method is-config="true" signature="loadClasses()[pri:0, instance:driver.CucumberTestRunner@1ea9f6af]" started-at="2024-11-26T15:57:18 IST" name="loadClasses" finished-at="2024-11-26T15:57:19 IST" duration-ms="994" status="PASS">
          <reporter-output>
          </reporter-output>
        </test-method> <!-- loadClasses -->
        <test-method is-config="true" signature="setUpClass(org.testng.ITestContext)[pri:0, instance:driver.CucumberTestRunner@1ea9f6af]" started-at="2024-11-26T15:57:19 IST" name="setUpClass" finished-at="2024-11-26T15:57:21 IST" duration-ms="1827" status="PASS">
          <params>
            <param index="0">
              <value>
                <![CDATA[org.testng.TestRunner@733037]]>
              </value>
            </param>
          </params>
          <reporter-output>
          </reporter-output>
        </test-method> <!-- setUpClass -->
        <test-method signature="runScenario(io.cucumber.testng.PickleWrapper,io.cucumber.testng.FeatureWrapper)[pri:0, instance:driver.CucumberTestRunner@1ea9f6af]" started-at="2024-11-26T15:57:21 IST" name="runScenario" description="Runs Cucumber Scenarios" data-provider="scenarios" finished-at="2024-11-26T15:57:35 IST" duration-ms="14014" status="PASS">
          <params>
            <param index="0">
              <value>
                <![CDATA["Verify login functionality with valid credentials"]]>
              </value>
            </param>
            <param index="1">
              <value>
                <![CDATA["Automating Login page Functionality"]]>
              </value>
            </param>
          </params>
          <reporter-output>
          </reporter-output>
        </test-method> <!-- runScenario -->
        <test-method is-config="true" signature="tearDownClass()[pri:0, instance:driver.CucumberTestRunner@1ea9f6af]" started-at="2024-11-26T15:57:35 IST" name="tearDownClass" finished-at="2024-11-26T15:57:35 IST" duration-ms="177" status="PASS">
          <reporter-output>
          </reporter-output>
        </test-method> <!-- tearDownClass -->
      </class> <!-- driver.CucumberTestRunner -->
    </test> <!-- SG_Mvn_Project -->
  </suite> <!-- Default Suite -->
</testng-results>
